2022-07-14 13:43:28,595:INFO:SOURCE: /Users/thomaslukeruane/Projects/video_validation/src_dpx/sata_1
2022-07-14 13:43:28,595:INFO:DESTINATION: /Users/thomaslukeruane/Projects/video_validation/copy/WA2011-005-1/WA2011-005-1/WA2011-005-1
2022-07-14 13:43:28,598:WARNING:SKIPPING WA2011-005-1 no dpx files found
2022-07-14 13:43:28,599:WARNING:SKIPPING WA2011-005-2 no dpx files found
2022-07-14 13:43:28,599:WARNING:SKIPPING WA2011-005-3 no dpx files found
2022-07-14 13:44:07,840:INFO:SOURCE: /Users/thomaslukeruane/Projects/video_validation/src_dpx/sata_1
2022-07-14 13:44:07,840:INFO:DESTINATION: /Users/thomaslukeruane/Projects/video_validation/copy
2022-07-14 13:44:07,879:INFO:GENERATED: 6669fb231d742beec8e615fe1c224ddf hash for 00255.dpx
2022-07-14 13:44:07,928:INFO:COPIED: 00255.dpx to /Users/thomaslukeruane/Projects/video_validation/copy/WA2011-005-1
2022-07-14 13:44:07,955:INFO:VERIFIED: 6669fb231d742beec8e615fe1c224ddf hash for 00255.dpx
2022-07-14 13:44:07,990:INFO:GENERATED: 6669fb231d742beec8e615fe1c224ddf hash for 00256.dpx
2022-07-14 13:44:08,032:INFO:COPIED: 00256.dpx to /Users/thomaslukeruane/Projects/video_validation/copy/WA2011-005-1
2022-07-14 13:44:08,061:INFO:VERIFIED: 6669fb231d742beec8e615fe1c224ddf hash for 00256.dpx
2022-07-14 13:44:08,095:INFO:GENERATED: 6669fb231d742beec8e615fe1c224ddf hash for 00257.dpx
2022-07-14 13:44:08,136:INFO:COPIED: 00257.dpx to /Users/thomaslukeruane/Projects/video_validation/copy/WA2011-005-1
2022-07-14 13:44:08,164:INFO:VERIFIED: 6669fb231d742beec8e615fe1c224ddf hash for 00257.dpx
2022-07-14 13:44:08,200:INFO:GENERATED: 6669fb231d742beec8e615fe1c224ddf hash for 00258.dpx
2022-07-14 13:44:08,243:INFO:COPIED: 00258.dpx to /Users/thomaslukeruane/Projects/video_validation/copy/WA2011-005-1
2022-07-14 13:44:08,272:INFO:VERIFIED: 6669fb231d742beec8e615fe1c224ddf hash for 00258.dpx
2022-07-14 13:44:08,309:INFO:GENERATED: 6669fb231d742beec8e615fe1c224ddf hash for 00259.dpx
2022-07-14 13:44:08,359:INFO:COPIED: 00259.dpx to /Users/thomaslukeruane/Projects/video_validation/copy/WA2011-005-1
2022-07-14 13:44:08,387:INFO:VERIFIED: 6669fb231d742beec8e615fe1c224ddf hash for 00259.dpx
2022-07-14 13:44:08,388:WARNING:SKIPPING WA2011-005-2 no dpx files found
2022-07-14 13:44:08,388:WARNING:SKIPPING WA2011-005-3 no dpx files found
